2023-04-04 15:05:08 => [TestMain4] 8
2023-04-04 15:05:08 => [TestMain4] 788866.22
2023-04-04 15:05:08 => [TestMain4] HelloWorld
2023-04-04 15:05:08 => [TestMain4] 33
2023-04-04 15:05:08 => [TestMain4] 5331.42
2023-04-04 15:05:08 => [TestMain4] 10
2023-04-04 15:05:08 => [TestMain4] 28.080000000000002
2023-04-04 15:05:08 => [TestMain4] 2
2023-04-04 15:05:08 => [TestMain4] 2.2357884330202666
2023-04-04 15:05:35 => [TestMain4] 8
2023-04-04 15:05:35 => [TestMain4] 788866.22
2023-04-04 15:05:35 => [TestMain4] HelloWorld
2023-04-04 15:05:35 => [TestMain4] 33
2023-04-04 15:05:35 => [TestMain4] 5331.42
2023-04-04 15:05:35 => [TestMain4] 10
2023-04-04 15:05:35 => [TestMain4] 28.080000000000002
2023-04-04 15:05:35 => [TestMain4] 2
2023-04-04 15:05:35 => [TestMain4] 2.2357884330202666
2023-04-04 15:09:02 => [TestMain4] 8
2023-04-04 15:09:02 => [TestMain4] 788866.22
2023-04-04 15:09:02 => [TestMain4] HelloWorld
2023-04-04 15:09:02 => [TestMain4] 33
2023-04-04 15:09:02 => [TestMain4] 5331.42
2023-04-04 15:09:02 => [TestMain4] 10
2023-04-04 15:09:02 => [TestMain4] 28.080000000000002
2023-04-04 15:09:02 => [TestMain4] 2
2023-04-04 15:09:02 => [TestMain4] 2.2357884330202666
2023-04-04 15:09:57 => [TestMain4] 8
2023-04-04 15:09:57 => [TestMain4] 788866.22
2023-04-04 15:09:57 => [TestMain4] HelloWorld
2023-04-04 15:09:57 => [BeforeAdviceSub] Subtraction...
2023-04-04 15:09:57 => [TestMain4] 33
2023-04-04 15:09:57 => [BeforeAdviceSub] Subtraction...
2023-04-04 15:09:57 => [TestMain4] 5331.42
2023-04-04 15:09:57 => [TestMain4] 10
2023-04-04 15:09:57 => [TestMain4] 28.080000000000002
2023-04-04 15:09:57 => [TestMain4] 2
2023-04-04 15:09:57 => [TestMain4] 2.2357884330202666
2023-04-04 15:24:15 => [AfterAdviceAdd] Addition....
2023-04-04 15:24:15 => [TestMain4] 8
2023-04-04 15:24:15 => [AfterAdviceAdd] Addition....
2023-04-04 15:24:15 => [TestMain4] 788866.22
2023-04-04 15:24:15 => [TestMain4] HelloWorld
2023-04-04 15:24:15 => [BeforeAdviceSub] Subtraction...
2023-04-04 15:24:15 => [TestMain4] 33
2023-04-04 15:24:15 => [BeforeAdviceSub] Subtraction...
2023-04-04 15:24:15 => [TestMain4] 5331.42
2023-04-04 15:24:15 => [TestMain4] 10
2023-04-04 15:24:15 => [TestMain4] 28.080000000000002
2023-04-04 15:24:15 => [TestMain4] 2
2023-04-04 15:24:15 => [TestMain4] 2.2357884330202666
2023-04-04 16:41:02 => [Main] Registering....
2023-04-04 16:41:02 => [class] Class Not Found
2023-04-04 16:41:02 => [class] No suitable driver found for jdbc:oracle:thin:@10.1.50.198:1535/nsbt19c 
2023-04-04 16:41:02 => [Main] false
2023-04-05 12:24:12 => [Main] Registering....
2023-04-05 12:24:12 => [class] Class Not Found
2023-04-05 12:24:12 => [class] No suitable driver found for jdbc:oracle:thin:@10.1.50.198:1535/nsbt19c 
2023-04-05 12:24:12 => [Main] false
2023-04-05 12:25:31 => [Main] Registering....
2023-04-05 12:25:31 => [class] Class Not Found
2023-04-05 12:25:31 => [class] No suitable driver found for jdbc:oracle:thin:@10.1.50.198:1535/nsbt19c 
2023-04-05 12:25:31 => [Main] false
2023-04-05 12:29:27 => [Main] Registering....
2023-04-05 12:29:27 => [class] Class Not Found
2023-04-05 12:29:27 => [class] No suitable driver found for jdbc:oracle:thin:@10.1.50.198:1535/nsbt19c 
2023-04-05 12:29:27 => [Main] false
2023-04-05 12:31:38 => [Main] Registering....
2023-04-05 12:31:38 => [class] Class Not Found
2023-04-05 12:31:38 => [class] No suitable driver found for jdbc:oracle:thin:@10.1.50.198:1535/nsbt19c 
2023-04-05 12:31:38 => [Main] false
2023-04-05 12:33:04 => [Main] Registering....
2023-04-05 12:33:04 => [class] Class Not Found
2023-04-05 12:33:04 => [class] No suitable driver found for jdbc:oracle:thin:@10.1.50.198:1535/nsbt19c 
2023-04-05 12:33:04 => [Main] false
2023-04-05 12:33:48 => [Main] Updating...
2023-04-05 12:33:48 => [class] Class Not Found
2023-04-05 12:33:48 => [class] No suitable driver found for jdbc:oracle:thin:@10.1.50.198:1535/nsbt19c 
2023-04-05 12:33:48 => [Main] false
2023-04-05 12:33:48 => [Main] Getting all customers...
2023-04-05 12:33:48 => [class] Class Not Found
2023-04-05 12:33:48 => [class] No suitable driver found for jdbc:oracle:thin:@10.1.50.198:1535/nsbt19c 
2023-04-05 12:33:48 => [Main] 
2023-04-05 12:33:48 => [Main] Getting customer with id...
